<?xml version="1.0" encoding="UTF-8"?>
<!-- Generated by org.testng.reporters.JUnitXMLReporter -->
<testsuite ignored="0" hostname="DESKTOP-BMPQ3OV" failures="0" tests="5" name="Default test" time="38.647" errors="0" timestamp="2023-07-19T11:35:28 IST">
  <testcase classname="greens.miniProject.Minitest" name="login" time="2.068"/>
  <testcase classname="greens.miniProject.Minitest" name="login" time="0.912"/>
  <testcase classname="greens.miniProject.Minitest" name="mata" time="1.076"/>
  <testcase classname="greens.miniProject.Minitest" name="nassertbalance" time="0.355"/>
  <testcase classname="greens.miniProject.Minitest" name="validatetransaction" time="1.925"/>
</testsuite> <!-- Default test -->
