<?xml version="1.0" encoding="UTF-8"?>
<testng-results ignored="0" total="5" passed="5" failed="0" skipped="0">
  <reporter-output>
  </reporter-output>
  <suite started-at="2023-07-19T11:34:49 IST" name="Default suite" finished-at="2023-07-19T11:35:28 IST" duration-ms="38647">
    <groups>
    </groups>
    <test started-at="2023-07-19T11:34:49 IST" name="Default test" finished-at="2023-07-19T11:35:28 IST" duration-ms="38647">
      <class name="greens.miniProject.Minitest">
        <test-method is-config="true" signature="test()[pri:0, instance:greens.miniProject.Minitest@3c77d488]" started-at="2023-07-19T11:34:49 IST" name="test" finished-at="2023-07-19T11:35:18 IST" duration-ms="28555" status="PASS">
          <reporter-output>
          </reporter-output>
        </test-method> <!-- test -->
        <test-method signature="login(java.lang.String,java.lang.String,java.lang.String)[pri:0, instance:greens.miniProject.Minitest@3c77d488]" started-at="2023-07-19T11:35:18 IST" name="login" data-provider="login credentials" finished-at="2023-07-19T11:35:20 IST" duration-ms="2068" status="PASS">
          <params>
            <param index="0">
              <value>
                <![CDATA[Invalid credentials]]>
              </value>
            </param>
            <param index="1">
              <value>
                <![CDATA[demo_user]]>
              </value>
            </param>
            <param index="2">
              <value>
                <![CDATA[demo_password]]>
              </value>
            </param>
          </params>
          <reporter-output>
          </reporter-output>
        </test-method> <!-- login -->
        <test-method signature="login(java.lang.String,java.lang.String,java.lang.String)[pri:0, instance:greens.miniProject.Minitest@3c77d488]" started-at="2023-07-19T11:35:20 IST" name="login" data-provider="login credentials" finished-at="2023-07-19T11:35:21 IST" duration-ms="912" status="PASS">
          <params>
            <param index="0">
              <value>
                <![CDATA[valid credentials]]>
              </value>
            </param>
            <param index="1">
              <value>
                <![CDATA[admin]]>
              </value>
            </param>
            <param index="2">
              <value>
                <![CDATA[admin]]>
              </value>
            </param>
          </params>
          <reporter-output>
          </reporter-output>
        </test-method> <!-- login -->
        <test-method signature="mata()[pri:0, instance:greens.miniProject.Minitest@3c77d488]" started-at="2023-07-19T11:35:21 IST" name="mata" finished-at="2023-07-19T11:35:22 IST" duration-ms="1076" status="PASS">
          <reporter-output>
          </reporter-output>
        </test-method> <!-- mata -->
        <test-method signature="nassertbalance()[pri:0, instance:greens.miniProject.Minitest@3c77d488]" started-at="2023-07-19T11:35:22 IST" name="nassertbalance" finished-at="2023-07-19T11:35:22 IST" duration-ms="355" status="PASS">
          <reporter-output>
          </reporter-output>
        </test-method> <!-- nassertbalance -->
        <test-method signature="validatetransaction()[pri:0, instance:greens.miniProject.Minitest@3c77d488]" started-at="2023-07-19T11:35:22 IST" name="validatetransaction" finished-at="2023-07-19T11:35:24 IST" duration-ms="1925" status="PASS">
          <reporter-output>
          </reporter-output>
        </test-method> <!-- validatetransaction -->
        <test-method is-config="true" signature="signinoff()[pri:0, instance:greens.miniProject.Minitest@3c77d488]" started-at="2023-07-19T11:35:24 IST" name="signinoff" finished-at="2023-07-19T11:35:28 IST" duration-ms="3681" status="PASS">
          <reporter-output>
          </reporter-output>
        </test-method> <!-- signinoff -->
      </class> <!-- greens.miniProject.Minitest -->
    </test> <!-- Default test -->
  </suite> <!-- Default suite -->
</testng-results>
